si: simSetDef().... simHost is initialized to "localhost" .
si: simSetDef().... simLoginName is initialized to "_tanetakumi" .
si: simSetDef().... simHostDiffers is initialized to "nil".
si: simSetDef().... simInteractiveSimulatorList is initialized to ("verilog") .
si: simSetDef().... simPostAnalysisProcessingFunc is initialized to "nil".
si: simSetDef().... simNotifyKillActionFunc is initialized to "nil".
si: simSetDef().... simDoNotDisplayDialogBox is initialized to "nil".
si: simSetDef().... simMaxNetlistErrors is initialized to 25 .
si: simSetDef().... simUserDefineDefaultRunDirFunc is initialized to "nil".
si: simSetDef().... simNlpGlobalLibName is already set to "sfqpr". Redefinition
to "basic" is ignored.
si: simSetDef().... simNlpGlobalCellName is initialized to "nlpglobals" .
si: simSetDef().... simCommand is initialized to "" .
si: simSetDef().... simSedFile is already set to simNoSedFile. Redefinition to
"" is ignored.
si: simSetDef().... simDefaultSimulator is already set to "spice". Redefinition
to nil is ignored.
si: simSetDef().... simDefaultRunDir is already set to "spice.run1".
Redefinition to nil is ignored.
si: simSetDef().... simSymbolModifiedAction is initialized to "ignore" .
si: simSetDef().... simOtherInfo is initialized to "nil".
si: simSetDef().... simIsFlattenP is initialized to "nil".
si: simSetDef().... simStlInputFile is initialized to "input.stl" .
si: simSetDef().... simDiffInputFile is initialized to "simdiff.stl" .
si: simSetDef().... simNoSimdiff is initialized to "nil".
si: simSetDef().... simDefaultControl is initialized to "nil".
si: simSetDef().... simControlFile is initialized to "nil".
si: simSetDef().... simLogFile is initialized to "si.log" .
si: simSetDef().... simTimeUnit is initialized to 1e-09 .
si: simSetDef().... simCapUnit is initialized to 1e-15 .
si: simSetDef().... simDoNetlist is initialized to t .
si: simSetDef().... simDoSimulate is initialized to t .
si: simSetDef().... simNetlistHier is already set to t. Redefinition to nil is
ignored.
si: simSetDef().... simGlobalPrefix is initialized to "nil".
si: simSetDef().... simHierarchyPrefix is initialized to "nil".
si: simSetDef().... simNoLeadingHierarchyDelim is initialized to "nil".
si: simSetDef().... simPrefixHierarchyWithCV is initialized to "nil".
si: simSetDef().... simHierarchyDelimiter is initialized to "/" .
si: simSetDef().... simNetNamePrefix is initialized to "nil".
si: simSetDef().... simInstNamePrefix is initialized to "nil".
si: simSetDef().... simModelNamePrefix is initialized to "nil".
si: simSetDef().... simTermNamePrefix is initialized to "nil".
si: simSetDef().... simCheckTermMismatchAction is initialized to "error" .
si: simSetDef().... simLoadNetlister is initialized to t .
si: simSetDef().... simCleanFileList is initialized to "nil".
si: simSetDef().... simSimulatorSaveVars is initialized to "nil".
si: simSetDef().... simApplicationOptionsForm is initialized to "nil".
si: simSetDef().... simSimulatorSaveFiles is initialized to "nil".
si: simSetDef().... simDontCopyFileNetlistToRemoteRunDir is initialized to
"nil".
si: simSetDef().... simRsh is initialized to "nil".
si: simSetDef().... simMustSaveFiles is initialized to (("si.env" "text")) .
si: simSetDef().... simKnownSaveFiles is initialized to (("netlist" "netlist")
("control" "text") ("si.out" "text") ("si.log" "text") ("map/current"
"stranger") ("raw/waves" "stranger")) .
si: simSetDef().... simNotIncremental is initialized to "nil".
si: simSetDef().... simReNetlistAll is already set to t. Redefinition to nil is
ignored.
si: simSetDef().... simUnbindVars is initialized to (interactiveTAP
SilosTimeScale simActions simApplicationOptionsForm simCapFileDir simCapUnit
simCellName simCheckTermMismatchAction simCleanFileList simControlFile
simDefaultControl simDefaultSimulator simDiffInputFile simDoNetlist
simDoNotDisplayDialogBox simDoPostLayout simExceptionTerms simFlattenSchType
simHierarchyPrefix simNoLeadingHierarchyDelim simPrefixHierarchyWithCV
simGlobalPrefix simHost simHostDiffers simInitRunActions simInstNamePrefix
simInstStopListTable simInstViewListTable simInteractiveSimulatorList
simIsFlattenP simLibName simLoadNetlister simLoginName simModelNamePrefix
simNetNamePrefix simNetlistFileName simNetlistHier simNlpGlobalLibName
simNlpGlobalCellName simNlpGlobalViewName simNoSimdiff simNotIncremental
simNowRunningRemoteSimulation simOtherInfo SIMPASSWORD
simPostAnalysisProcessingFunc simPrintSilosCap simReNetlistAll simRetainFterms
simStlInputFile simSimulatorSaveFiles simSimulatorSaveVars
simSymbolModifiedAction simTermNamePrefix simTimeUnit simViewList simViewName)
.
si: simSetDef().... simUnbindFuncs is initialized to (STLsimin cat netlist
runsim sim simCatErrorFile simCheckExist simCheckHeader simCheckVariables
simCreateRemoteCommands simDateStamp simDeleteRunDirFile simDoHiloTranslation
simDoSilosTranslation simDoTaTranslation simErrHandler simExecuteWithStatus
simExecute simGetSiFileLocation simGetTermList simIfNoProcedure simin
simInitControl simInitEqivRemoteSim simInitRaw simInitRunDir simInitSimulator
simInitSpiceIncludes simIoHandler simLoadNetlisterFiles simLoadSimulatorFiles
simNoNetlist simout simout1 simPostFunc simPrintEnvironment simPrintTermList
simPrintTermListWithOption simRunDirInfile simRunDirLoad simRunDirOutfile
simRunSimdiff simRunEqivRemoteSim simRunStl simSetDef simSetDefWithNoWarn
simGetSiFileLocation) .
si: simSetDef().... simSaveVars is already set to (simLibName simCellName
simViewName simSimulator). Redefinition to (simLibName simCellName simViewName
simSimulator simNotIncremental simReNetlistAll) is ignored.
si: simSetDef().... simDoNotForkNetlist is initialized to "nil".
si: simSetDef().... interactiveTAP is initialized to "nil".
si: simSetDef().... simPrintSilosCap is initialized to "nil".
si: simSetDef().... simDoPostLayout is already set to t. Redefinition to nil is
ignored.
si: simSetDef().... jsimSimViewList is initialized to ("jj_sch" "schematic_p"
"schematic" "symbol") .
si: simSetDef().... jsimSimStopList is initialized to ("symbol") .
si: simSetDef().... simDefaultControl is initialized to "control.jsim" .
si: simSetDef().... simNlpGlobalViewName is already set to "sfqpr". Redefinition
to "jsim" is ignored.
si: simSetDef().... simSimulatorUnbindFuncs is already set to sfqpr().
Redefinition to (jsim) is ignored.
si: simSetDef().... simSimulatorUnbindVars is already set to (simViewList
simStopList simNlpGlobalLibName simNlpGlobalViewName simSedFile simNetlistHier
simNetlistFileName simActions simSaveVars). Redefinition to (jsimSimViewList
jsimSimStopList simDfaultControl simNlpGlobalLibName) is ignored.
